Start testing: Apr 15 16:19 UTC
----------------------------------------------------------
1/3 Testing: Bub
1/3 Test: Bub
Command: "/home/pcsdocker/Data/pcs_2026/Esercitazione_04/Build_04/Run_Bub"
Directory: /home/pcsdocker/Data/pcs_2026/Esercitazione_04/Build_04
"Bub" start time: Apr 15 16:19 UTC
Output:
----------------------------------------------------------

 è tutto giusto
<end of output>
Test time =   0.12 sec
----------------------------------------------------------
Test Passed.
"Bub" end time: Apr 15 16:19 UTC
"Bub" time elapsed: 00:00:00
----------------------------------------------------------

2/3 Testing: Ins
2/3 Test: Ins
Command: "/home/pcsdocker/Data/pcs_2026/Esercitazione_04/Build_04/Run_Ins"
Directory: /home/pcsdocker/Data/pcs_2026/Esercitazione_04/Build_04
"Ins" start time: Apr 15 16:19 UTC
Output:
----------------------------------------------------------

 è tutto giusto
<end of output>
Test time =   0.03 sec
----------------------------------------------------------
Test Passed.
"Ins" end time: Apr 15 16:19 UTC
"Ins" time elapsed: 00:00:00
----------------------------------------------------------

3/3 Testing: Sel
3/3 Test: Sel
Command: "/home/pcsdocker/Data/pcs_2026/Esercitazione_04/Build_04/Run_Sel"
Directory: /home/pcsdocker/Data/pcs_2026/Esercitazione_04/Build_04
"Sel" start time: Apr 15 16:19 UTC
Output:
----------------------------------------------------------

 è tutto giusto
<end of output>
Test time =   0.05 sec
----------------------------------------------------------
Test Passed.
"Sel" end time: Apr 15 16:19 UTC
"Sel" time elapsed: 00:00:00
----------------------------------------------------------

End testing: Apr 15 16:19 UTC
